<?xml version="1.0" encoding="UTF-8"?>
<!-- Generated by org.testng.reporters.JUnitReportReporter -->
<testsuite skipped="0" hostname="MYPC" name="regressionscripts.Validlogin_FB" tests="1" failures="0" timestamp="2020-04-08T22:15:47 IST" time="29.209" errors="0">
  <testcase name="validlogin_FB" time="29.209" classname="regressionscripts.Validlogin_FB"/>
  <system-out>
element clicked Title displayed  </system-out>
</testsuite> <!-- regressionscripts.Validlogin_FB -->
